четвер, 14 березня 2024 р. error: ReferenceError: fs is not defined
    at convertFileToBase64 (file:///C:/Users/6man/projects/1.WORKSET/Lead-mainler/utils/convertFileToBase65.mjs:3:24)
    at StrapiController.sendFileToStrapi (file:///C:/Users/6man/projects/1.WORKSET/Lead-mainler/controllers/energy.controller.mjs:19:32)
    at sendAngebotToStrapi (file:///C:/Users/6man/projects/1.WORKSET/Lead-mainler/controllers/energy.controller.mjs:43:44)
    at Layer.handle [as handle_request] (C:\Users\6man\projects\1.WORKSET\Lead-mainler\node_modules\express\lib\router\layer.js:95:5)
    at next (C:\Users\6man\projects\1.WORKSET\Lead-mainler\node_modules\express\lib\router\route.js:144:13)
    at done (C:\Users\6man\projects\1.WORKSET\Lead-mainler\node_modules\multer\lib\make-middleware.js:45:7)
    at indicateDone (C:\Users\6man\projects\1.WORKSET\Lead-mainler\node_modules\multer\lib\make-middleware.js:49:68)
    at C:\Users\6man\projects\1.WORKSET\Lead-mainler\node_modules\multer\lib\make-middleware.js:155:11
    at WriteStream.<anonymous> (C:\Users\6man\projects\1.WORKSET\Lead-mainler\node_modules\multer\storage\disk.js:43:9)
    at WriteStream.emit (node:events:529:35)
четвер, 14 березня 2024 р. error: TypeError [ERR_INVALID_ARG_TYPE]: The "cb" argument must be of type function. Received undefined
    at maybeCallback (node:fs:189:3)
    at Object.readFile (node:fs:392:14)
    at convertFileToBase64 (file:///C:/Users/6man/projects/1.WORKSET/Lead-mainler/utils/convertFileToBase65.mjs:4:33)
    at StrapiController.sendFileToStrapi (file:///C:/Users/6man/projects/1.WORKSET/Lead-mainler/controllers/energy.controller.mjs:19:32)
    at sendAngebotToStrapi (file:///C:/Users/6man/projects/1.WORKSET/Lead-mainler/controllers/energy.controller.mjs:43:44)
    at Layer.handle [as handle_request] (C:\Users\6man\projects\1.WORKSET\Lead-mainler\node_modules\express\lib\router\layer.js:95:5)
    at next (C:\Users\6man\projects\1.WORKSET\Lead-mainler\node_modules\express\lib\router\route.js:144:13)
    at done (C:\Users\6man\projects\1.WORKSET\Lead-mainler\node_modules\multer\lib\make-middleware.js:45:7)
    at indicateDone (C:\Users\6man\projects\1.WORKSET\Lead-mainler\node_modules\multer\lib\make-middleware.js:49:68)
    at C:\Users\6man\projects\1.WORKSET\Lead-mainler\node_modules\multer\lib\make-middleware.js:155:11
четвер, 14 березня 2024 р. error: TypeError [ERR_INVALID_ARG_TYPE]: The "cb" argument must be of type function. Received undefined
    at maybeCallback (node:fs:189:3)
    at Object.readFile (node:fs:392:14)
    at convertFileToBase64 (file:///C:/Users/6man/projects/1.WORKSET/Lead-mainler/utils/convertFileToBase65.mjs:5:27)
    at StrapiController.sendFileToStrapi (file:///C:/Users/6man/projects/1.WORKSET/Lead-mainler/controllers/energy.controller.mjs:19:32)
    at sendAngebotToStrapi (file:///C:/Users/6man/projects/1.WORKSET/Lead-mainler/controllers/energy.controller.mjs:43:44)
    at Layer.handle [as handle_request] (C:\Users\6man\projects\1.WORKSET\Lead-mainler\node_modules\express\lib\router\layer.js:95:5)
    at next (C:\Users\6man\projects\1.WORKSET\Lead-mainler\node_modules\express\lib\router\route.js:144:13)
    at done (C:\Users\6man\projects\1.WORKSET\Lead-mainler\node_modules\multer\lib\make-middleware.js:45:7)
    at indicateDone (C:\Users\6man\projects\1.WORKSET\Lead-mainler\node_modules\multer\lib\make-middleware.js:49:68)
    at C:\Users\6man\projects\1.WORKSET\Lead-mainler\node_modules\multer\lib\make-middleware.js:155:11
четвер, 14 березня 2024 р. error: AxiosError: Request failed with status code 400
    at settle (file:///C:/Users/6man/projects/1.WORKSET/Lead-mainler/node_modules/axios/lib/core/settle.js:19:12)
    at IncomingMessage.handleStreamEnd (file:///C:/Users/6man/projects/1.WORKSET/Lead-mainler/node_modules/axios/lib/adapters/http.js:572:11)
    at IncomingMessage.emit (node:events:529:35)
    at endReadableNT (node:internal/streams/readable:1368:12)
    at process.processTicksAndRejections (node:internal/process/task_queues:82:21)
четвер, 14 березня 2024 р. error: AxiosError: Request failed with status code 400
    at settle (file:///C:/Users/6man/projects/1.WORKSET/Lead-mainler/node_modules/axios/lib/core/settle.js:19:12)
    at IncomingMessage.handleStreamEnd (file:///C:/Users/6man/projects/1.WORKSET/Lead-mainler/node_modules/axios/lib/adapters/http.js:572:11)
    at IncomingMessage.emit (node:events:529:35)
    at endReadableNT (node:internal/streams/readable:1368:12)
    at process.processTicksAndRejections (node:internal/process/task_queues:82:21)
четвер, 14 березня 2024 р. error: AxiosError: Request failed with status code 400
    at settle (file:///C:/Users/6man/projects/1.WORKSET/Lead-mainler/node_modules/axios/lib/core/settle.js:19:12)
    at IncomingMessage.handleStreamEnd (file:///C:/Users/6man/projects/1.WORKSET/Lead-mainler/node_modules/axios/lib/adapters/http.js:572:11)
    at IncomingMessage.emit (node:events:529:35)
    at endReadableNT (node:internal/streams/readable:1368:12)
    at process.processTicksAndRejections (node:internal/process/task_queues:82:21)
четвер, 14 березня 2024 р. error: AxiosError: Request failed with status code 400
    at settle (file:///C:/Users/6man/projects/1.WORKSET/Lead-mainler/node_modules/axios/lib/core/settle.js:19:12)
    at IncomingMessage.handleStreamEnd (file:///C:/Users/6man/projects/1.WORKSET/Lead-mainler/node_modules/axios/lib/adapters/http.js:572:11)
    at IncomingMessage.emit (node:events:529:35)
    at endReadableNT (node:internal/streams/readable:1368:12)
    at process.processTicksAndRejections (node:internal/process/task_queues:82:21)
четвер, 14 березня 2024 р. error: AxiosError: Request failed with status code 405
    at settle (file:///C:/Users/6man/projects/1.WORKSET/Lead-mainler/node_modules/axios/lib/core/settle.js:19:12)
    at IncomingMessage.handleStreamEnd (file:///C:/Users/6man/projects/1.WORKSET/Lead-mainler/node_modules/axios/lib/adapters/http.js:572:11)
    at IncomingMessage.emit (node:events:529:35)
    at endReadableNT (node:internal/streams/readable:1368:12)
    at process.processTicksAndRejections (node:internal/process/task_queues:82:21)
четвер, 14 березня 2024 р. error: AxiosError: Request failed with status code 400
    at settle (file:///C:/Users/6man/projects/1.WORKSET/Lead-mainler/node_modules/axios/lib/core/settle.js:19:12)
    at IncomingMessage.handleStreamEnd (file:///C:/Users/6man/projects/1.WORKSET/Lead-mainler/node_modules/axios/lib/adapters/http.js:572:11)
    at IncomingMessage.emit (node:events:529:35)
    at endReadableNT (node:internal/streams/readable:1368:12)
    at process.processTicksAndRejections (node:internal/process/task_queues:82:21)
четвер, 14 березня 2024 р. error: AxiosError: Request failed with status code 400
    at settle (file:///C:/Users/6man/projects/1.WORKSET/Lead-mainler/node_modules/axios/lib/core/settle.js:19:12)
    at IncomingMessage.handleStreamEnd (file:///C:/Users/6man/projects/1.WORKSET/Lead-mainler/node_modules/axios/lib/adapters/http.js:572:11)
    at IncomingMessage.emit (node:events:529:35)
    at endReadableNT (node:internal/streams/readable:1368:12)
    at process.processTicksAndRejections (node:internal/process/task_queues:82:21)
четвер, 14 березня 2024 р. error: AxiosError: Request failed with status code 400
    at settle (file:///C:/Users/6man/projects/1.WORKSET/Lead-mainler/node_modules/axios/lib/core/settle.js:19:12)
    at IncomingMessage.handleStreamEnd (file:///C:/Users/6man/projects/1.WORKSET/Lead-mainler/node_modules/axios/lib/adapters/http.js:572:11)
    at IncomingMessage.emit (node:events:529:35)
    at endReadableNT (node:internal/streams/readable:1368:12)
    at process.processTicksAndRejections (node:internal/process/task_queues:82:21)
четвер, 14 березня 2024 р. error: AxiosError: Request failed with status code 400
    at settle (file:///C:/Users/6man/projects/1.WORKSET/Lead-mainler/node_modules/axios/lib/core/settle.js:19:12)
    at IncomingMessage.handleStreamEnd (file:///C:/Users/6man/projects/1.WORKSET/Lead-mainler/node_modules/axios/lib/adapters/http.js:572:11)
    at IncomingMessage.emit (node:events:529:35)
    at endReadableNT (node:internal/streams/readable:1368:12)
    at process.processTicksAndRejections (node:internal/process/task_queues:82:21)
четвер, 14 березня 2024 р. error: AxiosError: Request failed with status code 400
    at settle (file:///C:/Users/6man/projects/1.WORKSET/Lead-mainler/node_modules/axios/lib/core/settle.js:19:12)
    at IncomingMessage.handleStreamEnd (file:///C:/Users/6man/projects/1.WORKSET/Lead-mainler/node_modules/axios/lib/adapters/http.js:572:11)
    at IncomingMessage.emit (node:events:529:35)
    at endReadableNT (node:internal/streams/readable:1368:12)
    at process.processTicksAndRejections (node:internal/process/task_queues:82:21)
